<?xml version="1.0" encoding="UTF-8"?>
<!-- Generated by org.testng.reporters.JUnitReportReporter -->
<testsuite skipped="0" hostname="DESKTOP-5HNI9HA" name="movies.automate.details.testcases.Do_SmokeTest" tests="1" failures="0" timestamp="13 May 2022 14:54:26 GMT" time="185.256" errors="0">
  <testcase name="movie_deatils_search" time="185.256" classname="movies.automate.details.testcases.Do_SmokeTest"/>
</testsuite> <!-- movies.automate.details.testcases.Do_SmokeTest -->
